mode: set
github.com/morty/morty/internal/logging/logger.go:25.32,26.11 1 1
github.com/morty/morty/internal/logging/logger.go:27.18,28.17 1 1
github.com/morty/morty/internal/logging/logger.go:29.17,30.16 1 1
github.com/morty/morty/internal/logging/logger.go:31.17,32.16 1 1
github.com/morty/morty/internal/logging/logger.go:33.18,34.17 1 1
github.com/morty/morty/internal/logging/logger.go:35.10,36.19 1 1
github.com/morty/morty/internal/logging/logger.go:41.33,42.11 1 1
github.com/morty/morty/internal/logging/logger.go:43.24,44.20 1 1
github.com/morty/morty/internal/logging/logger.go:45.22,46.19 1 1
github.com/morty/morty/internal/logging/logger.go:47.44,48.19 1 1
github.com/morty/morty/internal/logging/logger.go:49.24,50.20 1 1
github.com/morty/morty/internal/logging/logger.go:51.10,52.19 1 1
github.com/morty/morty/internal/logging/logger.go:63.37,65.2 1 1
github.com/morty/morty/internal/logging/logger.go:68.38,70.2 1 1
github.com/morty/morty/internal/logging/logger.go:73.40,75.2 1 1
github.com/morty/morty/internal/logging/logger.go:78.46,80.2 1 1
github.com/morty/morty/internal/logging/logger.go:134.76,136.2 1 1
github.com/morty/morty/internal/logging/logger.go:139.70,141.2 1 1
github.com/morty/morty/internal/logging/logger.go:144.69,146.2 1 1
github.com/morty/morty/internal/logging/logger.go:149.52,150.55 1 1
github.com/morty/morty/internal/logging/logger.go:150.55,152.3 1 1
github.com/morty/morty/internal/logging/logger.go:153.2,153.11 1 1
github.com/morty/morty/internal/logging/logger.go:157.49,158.52 1 1
github.com/morty/morty/internal/logging/logger.go:158.52,160.3 1 1
github.com/morty/morty/internal/logging/logger.go:161.2,161.11 1 1
github.com/morty/morty/internal/logging/logger.go:165.47,166.50 1 1
github.com/morty/morty/internal/logging/logger.go:166.50,168.3 1 1
github.com/morty/morty/internal/logging/logger.go:169.2,169.10 1 1
github.com/morty/morty/internal/logging/slog_adapter.go:28.79,43.16 6 1
github.com/morty/morty/internal/logging/slog_adapter.go:44.14,45.49 1 1
github.com/morty/morty/internal/logging/slog_adapter.go:46.14,47.49 1 1
github.com/morty/morty/internal/logging/slog_adapter.go:48.10,49.49 1 1
github.com/morty/morty/internal/logging/slog_adapter.go:52.2,55.21 3 1
github.com/morty/morty/internal/logging/slog_adapter.go:59.117,71.44 5 1
github.com/morty/morty/internal/logging/slog_adapter.go:71.44,73.3 1 0
github.com/morty/morty/internal/logging/slog_adapter.go:75.2,75.77 1 1
github.com/morty/morty/internal/logging/slog_adapter.go:75.77,78.16 2 1
github.com/morty/morty/internal/logging/slog_adapter.go:78.16,79.49 1 1
github.com/morty/morty/internal/logging/slog_adapter.go:79.49,81.5 1 0
github.com/morty/morty/internal/logging/slog_adapter.go:84.3,85.17 2 1
github.com/morty/morty/internal/logging/slog_adapter.go:85.17,87.4 1 0
github.com/morty/morty/internal/logging/slog_adapter.go:88.3,89.34 2 1
github.com/morty/morty/internal/logging/slog_adapter.go:92.2,93.23 2 1
github.com/morty/morty/internal/logging/slog_adapter.go:93.23,95.3 1 1
github.com/morty/morty/internal/logging/slog_adapter.go:95.8,95.29 1 0
github.com/morty/morty/internal/logging/slog_adapter.go:95.29,97.3 1 0
github.com/morty/morty/internal/logging/slog_adapter.go:97.8,99.3 1 0
github.com/morty/morty/internal/logging/slog_adapter.go:102.2,107.16 3 1
github.com/morty/morty/internal/logging/slog_adapter.go:108.14,109.52 1 1
github.com/morty/morty/internal/logging/slog_adapter.go:110.14,111.52 1 0
github.com/morty/morty/internal/logging/slog_adapter.go:112.10,113.52 1 0
github.com/morty/morty/internal/logging/slog_adapter.go:116.2,119.21 3 1
github.com/morty/morty/internal/logging/slog_adapter.go:123.38,124.38 1 1
github.com/morty/morty/internal/logging/slog_adapter.go:124.38,125.40 1 1
github.com/morty/morty/internal/logging/slog_adapter.go:125.40,127.4 1 1
github.com/morty/morty/internal/logging/slog_adapter.go:129.2,129.13 1 0
github.com/morty/morty/internal/logging/slog_adapter.go:133.40,134.15 1 1
github.com/morty/morty/internal/logging/slog_adapter.go:135.18,136.25 1 1
github.com/morty/morty/internal/logging/slog_adapter.go:137.17,138.24 1 1
github.com/morty/morty/internal/logging/slog_adapter.go:139.17,140.24 1 1
github.com/morty/morty/internal/logging/slog_adapter.go:141.18,142.25 1 1
github.com/morty/morty/internal/logging/slog_adapter.go:143.10,144.24 1 0
github.com/morty/morty/internal/logging/slog_adapter.go:149.44,151.29 2 1
github.com/morty/morty/internal/logging/slog_adapter.go:151.29,153.3 1 1
github.com/morty/morty/internal/logging/slog_adapter.go:154.2,154.15 1 1
github.com/morty/morty/internal/logging/slog_adapter.go:158.56,159.30 1 1
github.com/morty/morty/internal/logging/slog_adapter.go:159.30,161.3 1 1
github.com/morty/morty/internal/logging/slog_adapter.go:162.2,163.89 2 1
github.com/morty/morty/internal/logging/slog_adapter.go:167.55,168.29 1 1
github.com/morty/morty/internal/logging/slog_adapter.go:168.29,170.3 1 1
github.com/morty/morty/internal/logging/slog_adapter.go:171.2,172.88 2 1
github.com/morty/morty/internal/logging/slog_adapter.go:176.55,177.29 1 1
github.com/morty/morty/internal/logging/slog_adapter.go:177.29,179.3 1 0
github.com/morty/morty/internal/logging/slog_adapter.go:180.2,181.88 2 1
github.com/morty/morty/internal/logging/slog_adapter.go:185.56,186.30 1 1
github.com/morty/morty/internal/logging/slog_adapter.go:186.30,188.3 1 0
github.com/morty/morty/internal/logging/slog_adapter.go:189.2,190.89 2 1
github.com/morty/morty/internal/logging/slog_adapter.go:194.58,195.29 1 1
github.com/morty/morty/internal/logging/slog_adapter.go:195.29,197.3 1 0
github.com/morty/morty/internal/logging/slog_adapter.go:198.2,200.88 3 1
github.com/morty/morty/internal/logging/slog_adapter.go:204.55,205.30 1 1
github.com/morty/morty/internal/logging/slog_adapter.go:205.30,207.3 1 0
github.com/morty/morty/internal/logging/slog_adapter.go:208.2,210.89 3 1
github.com/morty/morty/internal/logging/slog_adapter.go:214.45,221.20 5 1
github.com/morty/morty/internal/logging/slog_adapter.go:221.20,223.3 1 1
github.com/morty/morty/internal/logging/slog_adapter.go:224.2,224.17 1 1
github.com/morty/morty/internal/logging/slog_adapter.go:224.17,226.3 1 1
github.com/morty/morty/internal/logging/slog_adapter.go:228.2,228.18 1 1
github.com/morty/morty/internal/logging/slog_adapter.go:232.63,233.16 1 1
github.com/morty/morty/internal/logging/slog_adapter.go:233.16,235.3 1 0
github.com/morty/morty/internal/logging/slog_adapter.go:237.2,239.52 2 1
github.com/morty/morty/internal/logging/slog_adapter.go:239.52,241.3 1 1
github.com/morty/morty/internal/logging/slog_adapter.go:242.2,242.43 1 1
github.com/morty/morty/internal/logging/slog_adapter.go:242.43,244.3 1 1
github.com/morty/morty/internal/logging/slog_adapter.go:245.2,245.44 1 1
github.com/morty/morty/internal/logging/slog_adapter.go:245.44,247.3 1 1
github.com/morty/morty/internal/logging/slog_adapter.go:249.2,249.19 1 1
github.com/morty/morty/internal/logging/slog_adapter.go:253.58,258.2 4 1
github.com/morty/morty/internal/logging/slog_adapter.go:261.55,265.2 3 1
github.com/morty/morty/internal/logging/slog_adapter.go:268.44,285.2 5 1
github.com/morty/morty/internal/logging/slog_adapter.go:288.45,292.2 3 1
github.com/morty/morty/internal/logging/slog_adapter.go:295.40,301.9 4 1
github.com/morty/morty/internal/logging/slog_adapter.go:302.29,303.20 1 1
github.com/morty/morty/internal/logging/slog_adapter.go:304.28,305.19 1 1
github.com/morty/morty/internal/logging/slog_adapter.go:306.28,307.19 1 1
github.com/morty/morty/internal/logging/slog_adapter.go:308.29,309.20 1 1
github.com/morty/morty/internal/logging/slog_adapter.go:310.10,311.19 1 0
github.com/morty/morty/internal/logging/slog_adapter.go:316.51,318.2 1 1
github.com/morty/morty/internal/logging/slog_adapter.go:321.37,325.25 3 1
github.com/morty/morty/internal/logging/slog_adapter.go:325.25,327.3 1 1
github.com/morty/morty/internal/logging/slog_adapter.go:328.2,328.12 1 0
