mode: set
github.com/morty/morty/internal/cmd/research.go:38.85,45.2 1 1
github.com/morty/morty/internal/cmd/research.go:48.68,50.2 1 1
github.com/morty/morty/internal/cmd/research.go:53.53,55.2 1 1
github.com/morty/morty/internal/cmd/research.go:59.96,64.16 3 1
github.com/morty/morty/internal/cmd/research.go:64.16,67.3 2 1
github.com/morty/morty/internal/cmd/research.go:69.2,69.17 1 1
github.com/morty/morty/internal/cmd/research.go:69.17,71.3 1 1
github.com/morty/morty/internal/cmd/research.go:73.2,76.46 2 1
github.com/morty/morty/internal/cmd/research.go:76.46,79.3 2 0
github.com/morty/morty/internal/cmd/research.go:82.2,91.9 3 1
github.com/morty/morty/internal/cmd/research.go:92.20,94.27 2 1
github.com/morty/morty/internal/cmd/research.go:95.10,95.10 0 1
github.com/morty/morty/internal/cmd/research.go:99.2,100.16 2 1
github.com/morty/morty/internal/cmd/research.go:100.16,104.3 3 0
github.com/morty/morty/internal/cmd/research.go:106.2,114.16 6 1
github.com/morty/morty/internal/cmd/research.go:114.16,121.3 3 0
github.com/morty/morty/internal/cmd/research.go:123.2,130.20 2 1
github.com/morty/morty/internal/cmd/research.go:134.64,139.16 3 1
github.com/morty/morty/internal/cmd/research.go:139.16,141.3 1 0
github.com/morty/morty/internal/cmd/research.go:143.2,143.29 1 1
github.com/morty/morty/internal/cmd/research.go:147.58,149.18 1 1
github.com/morty/morty/internal/cmd/research.go:149.18,150.74 1 1
github.com/morty/morty/internal/cmd/research.go:150.74,152.4 1 0
github.com/morty/morty/internal/cmd/research.go:156.2,156.62 1 1
github.com/morty/morty/internal/cmd/research.go:160.77,172.2 5 1
github.com/morty/morty/internal/cmd/research.go:176.101,207.16 9 1
github.com/morty/morty/internal/cmd/research.go:207.16,209.3 1 1
github.com/morty/morty/internal/cmd/research.go:211.2,211.26 1 1
github.com/morty/morty/internal/cmd/research.go:211.26,213.3 1 0
github.com/morty/morty/internal/cmd/research.go:215.2,215.29 1 1
github.com/morty/morty/internal/cmd/research.go:219.69,221.19 1 1
github.com/morty/morty/internal/cmd/research.go:221.19,224.3 1 1
github.com/morty/morty/internal/cmd/research.go:227.2,231.16 4 1
github.com/morty/morty/internal/cmd/research.go:231.16,233.3 1 1
github.com/morty/morty/internal/cmd/research.go:236.2,238.19 2 0
github.com/morty/morty/internal/cmd/research.go:242.53,244.2 1 1
github.com/morty/morty/internal/cmd/research.go:247.67,256.2 4 1
github.com/morty/morty/internal/cmd/research.go:259.65,265.27 3 1
github.com/morty/morty/internal/cmd/research.go:265.27,266.10 1 1
github.com/morty/morty/internal/cmd/research.go:267.29,268.19 1 1
github.com/morty/morty/internal/cmd/research.go:269.29,270.19 1 1
github.com/morty/morty/internal/cmd/research.go:271.11,273.21 1 1
github.com/morty/morty/internal/cmd/research.go:278.2,279.22 2 1
github.com/morty/morty/internal/cmd/research.go:279.22,281.3 1 1
github.com/morty/morty/internal/cmd/research.go:284.2,287.18 2 1
github.com/morty/morty/internal/cmd/research.go:287.18,289.3 1 1
github.com/morty/morty/internal/cmd/research.go:291.2,291.15 1 1
github.com/morty/morty/internal/cmd/research.go:295.51,297.2 1 1
github.com/morty/morty/internal/cmd/research.go:300.50,302.2 1 0
