mode: set
github.com/morty/morty/internal/cmd/plan.go:39.97,42.42 2 1
github.com/morty/morty/internal/cmd/plan.go:42.42,44.3 1 1
github.com/morty/morty/internal/cmd/plan.go:45.2,50.3 1 1
github.com/morty/morty/internal/cmd/plan.go:56.88,68.22 5 1
github.com/morty/morty/internal/cmd/plan.go:68.22,70.3 1 1
github.com/morty/morty/internal/cmd/plan.go:71.2,79.42 3 1
github.com/morty/morty/internal/cmd/plan.go:79.42,84.3 4 0
github.com/morty/morty/internal/cmd/plan.go:87.2,93.22 4 1
github.com/morty/morty/internal/cmd/plan.go:93.22,96.17 2 0
github.com/morty/morty/internal/cmd/plan.go:96.17,101.4 4 0
github.com/morty/morty/internal/cmd/plan.go:102.3,102.17 1 0
github.com/morty/morty/internal/cmd/plan.go:102.17,106.4 3 0
github.com/morty/morty/internal/cmd/plan.go:107.3,107.28 1 0
github.com/morty/morty/internal/cmd/plan.go:108.8,108.28 1 1
github.com/morty/morty/internal/cmd/plan.go:108.28,110.3 1 1
github.com/morty/morty/internal/cmd/plan.go:113.2,113.9 1 1
github.com/morty/morty/internal/cmd/plan.go:114.20,117.27 3 1
github.com/morty/morty/internal/cmd/plan.go:118.10,118.10 0 1
github.com/morty/morty/internal/cmd/plan.go:122.2,122.78 1 1
github.com/morty/morty/internal/cmd/plan.go:122.78,127.3 4 0
github.com/morty/morty/internal/cmd/plan.go:129.2,139.20 4 1
github.com/morty/morty/internal/cmd/plan.go:144.76,149.33 4 1
github.com/morty/morty/internal/cmd/plan.go:149.33,153.38 2 1
github.com/morty/morty/internal/cmd/plan.go:153.38,155.12 2 1
github.com/morty/morty/internal/cmd/plan.go:159.3,159.41 1 1
github.com/morty/morty/internal/cmd/plan.go:159.41,162.12 3 1
github.com/morty/morty/internal/cmd/plan.go:166.3,166.39 1 1
github.com/morty/morty/internal/cmd/plan.go:166.39,167.23 1 1
github.com/morty/morty/internal/cmd/plan.go:167.23,170.5 2 1
github.com/morty/morty/internal/cmd/plan.go:171.4,171.12 1 1
github.com/morty/morty/internal/cmd/plan.go:175.3,175.42 1 1
github.com/morty/morty/internal/cmd/plan.go:175.42,177.12 2 1
github.com/morty/morty/internal/cmd/plan.go:181.3,181.37 1 1
github.com/morty/morty/internal/cmd/plan.go:184.2,184.37 1 1
github.com/morty/morty/internal/cmd/plan.go:188.48,191.16 2 1
github.com/morty/morty/internal/cmd/plan.go:191.16,193.3 1 0
github.com/morty/morty/internal/cmd/plan.go:196.2,197.31 2 1
github.com/morty/morty/internal/cmd/plan.go:197.31,199.3 1 0
github.com/morty/morty/internal/cmd/plan.go:201.2,201.33 1 1
github.com/morty/morty/internal/cmd/plan.go:205.45,211.25 3 1
github.com/morty/morty/internal/cmd/plan.go:211.25,212.10 1 1
github.com/morty/morty/internal/cmd/plan.go:213.29,214.19 1 1
github.com/morty/morty/internal/cmd/plan.go:215.29,216.19 1 1
github.com/morty/morty/internal/cmd/plan.go:217.11,218.21 1 1
github.com/morty/morty/internal/cmd/plan.go:222.2,228.18 3 1
github.com/morty/morty/internal/cmd/plan.go:228.18,230.3 1 1
github.com/morty/morty/internal/cmd/plan.go:232.2,232.15 1 1
github.com/morty/morty/internal/cmd/plan.go:236.45,238.18 1 1
github.com/morty/morty/internal/cmd/plan.go:238.18,240.3 1 1
github.com/morty/morty/internal/cmd/plan.go:241.2,241.32 1 0
github.com/morty/morty/internal/cmd/plan.go:245.43,246.18 1 1
github.com/morty/morty/internal/cmd/plan.go:246.18,248.3 1 1
github.com/morty/morty/internal/cmd/plan.go:249.2,249.29 1 0
github.com/morty/morty/internal/cmd/plan.go:253.66,256.2 2 1
github.com/morty/morty/internal/cmd/plan.go:259.60,262.2 2 1
github.com/morty/morty/internal/cmd/plan.go:265.75,270.16 4 0
github.com/morty/morty/internal/cmd/plan.go:270.16,272.3 1 0
github.com/morty/morty/internal/cmd/plan.go:274.2,275.50 2 0
github.com/morty/morty/internal/cmd/plan.go:279.88,282.47 2 1
github.com/morty/morty/internal/cmd/plan.go:282.47,284.3 1 0
github.com/morty/morty/internal/cmd/plan.go:287.2,299.19 8 1
github.com/morty/morty/internal/cmd/plan.go:299.19,300.28 1 1
github.com/morty/morty/internal/cmd/plan.go:300.28,308.4 7 1
github.com/morty/morty/internal/cmd/plan.go:309.8,318.3 7 1
github.com/morty/morty/internal/cmd/plan.go:320.2,324.79 3 1
github.com/morty/morty/internal/cmd/plan.go:324.79,326.3 1 0
github.com/morty/morty/internal/cmd/plan.go:328.2,328.12 1 1
github.com/morty/morty/internal/cmd/plan.go:332.43,334.2 1 1
github.com/morty/morty/internal/cmd/plan.go:337.46,339.2 1 0
github.com/morty/morty/internal/cmd/plan.go:342.47,343.18 1 1
github.com/morty/morty/internal/cmd/plan.go:343.18,345.3 1 1
github.com/morty/morty/internal/cmd/plan.go:346.2,346.33 1 0
github.com/morty/morty/internal/cmd/plan.go:352.61,356.56 2 1
github.com/morty/morty/internal/cmd/plan.go:356.56,358.3 1 1
github.com/morty/morty/internal/cmd/plan.go:361.2,362.16 2 1
github.com/morty/morty/internal/cmd/plan.go:362.16,364.3 1 0
github.com/morty/morty/internal/cmd/plan.go:367.2,368.32 2 1
github.com/morty/morty/internal/cmd/plan.go:368.32,369.20 1 1
github.com/morty/morty/internal/cmd/plan.go:369.20,370.12 1 1
github.com/morty/morty/internal/cmd/plan.go:372.3,373.37 2 1
github.com/morty/morty/internal/cmd/plan.go:373.37,375.4 1 1
github.com/morty/morty/internal/cmd/plan.go:379.2,384.35 3 1
github.com/morty/morty/internal/cmd/plan.go:384.35,387.17 3 1
github.com/morty/morty/internal/cmd/plan.go:387.17,389.4 1 1
github.com/morty/morty/internal/cmd/plan.go:392.3,393.35 2 1
github.com/morty/morty/internal/cmd/plan.go:396.2,396.19 1 1
github.com/morty/morty/internal/cmd/plan.go:400.64,402.2 1 1
github.com/morty/morty/internal/cmd/plan.go:405.49,407.2 1 1
github.com/morty/morty/internal/cmd/plan.go:410.56,415.16 3 1
github.com/morty/morty/internal/cmd/plan.go:415.16,417.3 1 1
github.com/morty/morty/internal/cmd/plan.go:419.2,419.29 1 1
github.com/morty/morty/internal/cmd/plan.go:423.50,425.18 1 1
github.com/morty/morty/internal/cmd/plan.go:425.18,426.70 1 1
github.com/morty/morty/internal/cmd/plan.go:426.70,428.4 1 1
github.com/morty/morty/internal/cmd/plan.go:432.2,432.58 1 1
github.com/morty/morty/internal/cmd/plan.go:436.82,446.20 4 1
github.com/morty/morty/internal/cmd/plan.go:446.20,448.30 2 1
github.com/morty/morty/internal/cmd/plan.go:448.30,450.4 1 1
github.com/morty/morty/internal/cmd/plan.go:451.3,451.36 1 1
github.com/morty/morty/internal/cmd/plan.go:455.2,460.13 3 1
github.com/morty/morty/internal/cmd/plan.go:465.106,472.20 3 1
github.com/morty/morty/internal/cmd/plan.go:472.20,474.30 2 1
github.com/morty/morty/internal/cmd/plan.go:474.30,476.4 1 1
github.com/morty/morty/internal/cmd/plan.go:477.3,477.36 1 1
github.com/morty/morty/internal/cmd/plan.go:481.2,508.16 8 1
github.com/morty/morty/internal/cmd/plan.go:508.16,510.3 1 1
github.com/morty/morty/internal/cmd/plan.go:512.2,512.26 1 1
github.com/morty/morty/internal/cmd/plan.go:512.26,514.3 1 1
github.com/morty/morty/internal/cmd/plan.go:516.2,516.29 1 1
github.com/morty/morty/internal/cmd/research.go:38.85,45.2 1 1
github.com/morty/morty/internal/cmd/research.go:48.68,50.2 1 1
github.com/morty/morty/internal/cmd/research.go:53.53,55.2 1 1
github.com/morty/morty/internal/cmd/research.go:59.96,64.16 3 1
github.com/morty/morty/internal/cmd/research.go:64.16,67.3 2 1
github.com/morty/morty/internal/cmd/research.go:69.2,69.17 1 1
github.com/morty/morty/internal/cmd/research.go:69.17,71.3 1 1
github.com/morty/morty/internal/cmd/research.go:73.2,76.46 2 1
github.com/morty/morty/internal/cmd/research.go:76.46,79.3 2 0
github.com/morty/morty/internal/cmd/research.go:82.2,91.9 3 1
github.com/morty/morty/internal/cmd/research.go:92.20,94.27 2 1
github.com/morty/morty/internal/cmd/research.go:95.10,95.10 0 1
github.com/morty/morty/internal/cmd/research.go:99.2,100.16 2 1
github.com/morty/morty/internal/cmd/research.go:100.16,104.3 3 0
github.com/morty/morty/internal/cmd/research.go:106.2,114.16 6 1
github.com/morty/morty/internal/cmd/research.go:114.16,121.3 3 0
github.com/morty/morty/internal/cmd/research.go:123.2,130.20 2 1
github.com/morty/morty/internal/cmd/research.go:134.64,139.16 3 1
github.com/morty/morty/internal/cmd/research.go:139.16,141.3 1 0
github.com/morty/morty/internal/cmd/research.go:143.2,143.29 1 1
github.com/morty/morty/internal/cmd/research.go:147.58,149.18 1 1
github.com/morty/morty/internal/cmd/research.go:149.18,150.74 1 1
github.com/morty/morty/internal/cmd/research.go:150.74,152.4 1 0
github.com/morty/morty/internal/cmd/research.go:156.2,156.62 1 1
github.com/morty/morty/internal/cmd/research.go:160.77,172.2 5 1
github.com/morty/morty/internal/cmd/research.go:176.101,207.16 9 1
github.com/morty/morty/internal/cmd/research.go:207.16,209.3 1 1
github.com/morty/morty/internal/cmd/research.go:211.2,211.26 1 1
github.com/morty/morty/internal/cmd/research.go:211.26,213.3 1 0
github.com/morty/morty/internal/cmd/research.go:215.2,215.29 1 1
github.com/morty/morty/internal/cmd/research.go:219.69,221.19 1 1
github.com/morty/morty/internal/cmd/research.go:221.19,224.3 1 1
github.com/morty/morty/internal/cmd/research.go:227.2,231.16 4 1
github.com/morty/morty/internal/cmd/research.go:231.16,233.3 1 1
github.com/morty/morty/internal/cmd/research.go:236.2,238.19 2 0
github.com/morty/morty/internal/cmd/research.go:242.53,244.2 1 1
github.com/morty/morty/internal/cmd/research.go:247.67,256.2 4 1
github.com/morty/morty/internal/cmd/research.go:259.65,265.27 3 1
github.com/morty/morty/internal/cmd/research.go:265.27,266.10 1 1
github.com/morty/morty/internal/cmd/research.go:267.29,268.19 1 1
github.com/morty/morty/internal/cmd/research.go:269.29,270.19 1 1
github.com/morty/morty/internal/cmd/research.go:271.11,273.21 1 1
github.com/morty/morty/internal/cmd/research.go:278.2,279.22 2 1
github.com/morty/morty/internal/cmd/research.go:279.22,281.3 1 1
github.com/morty/morty/internal/cmd/research.go:284.2,287.18 2 1
github.com/morty/morty/internal/cmd/research.go:287.18,289.3 1 1
github.com/morty/morty/internal/cmd/research.go:291.2,291.15 1 1
github.com/morty/morty/internal/cmd/research.go:295.51,297.2 1 1
github.com/morty/morty/internal/cmd/research.go:300.50,302.2 1 0
github.com/morty/morty/internal/cmd/research.go:306.70,311.16 3 1
github.com/morty/morty/internal/cmd/research.go:311.16,312.25 1 1
github.com/morty/morty/internal/cmd/research.go:312.25,314.4 1 1
github.com/morty/morty/internal/cmd/research.go:315.3,315.87 1 0
github.com/morty/morty/internal/cmd/research.go:319.2,319.22 1 1
github.com/morty/morty/internal/cmd/research.go:319.22,321.3 1 1
github.com/morty/morty/internal/cmd/research.go:324.2,325.16 2 1
github.com/morty/morty/internal/cmd/research.go:325.16,327.3 1 0
github.com/morty/morty/internal/cmd/research.go:330.2,330.50 1 1
github.com/morty/morty/internal/cmd/research.go:330.50,332.3 1 1
github.com/morty/morty/internal/cmd/research.go:335.2,348.31 12 1
github.com/morty/morty/internal/cmd/research.go:348.31,350.3 1 0
github.com/morty/morty/internal/cmd/research.go:351.2,351.22 1 1
github.com/morty/morty/internal/cmd/research.go:351.22,353.37 2 1
github.com/morty/morty/internal/cmd/research.go:353.37,355.18 2 1
github.com/morty/morty/internal/cmd/research.go:355.18,357.5 1 1
github.com/morty/morty/internal/cmd/research.go:359.3,359.32 1 1
github.com/morty/morty/internal/cmd/research.go:359.32,361.4 1 1
github.com/morty/morty/internal/cmd/research.go:363.2,372.12 7 1
github.com/morty/morty/internal/cmd/research.go:376.68,379.2 2 1
