mode: set
github.com/morty/morty/internal/state/state.go:145.43,150.2 1 1
github.com/morty/morty/internal/state/state.go:153.33,155.2 1 1
github.com/morty/morty/internal/state/state.go:158.32,159.11 1 1
github.com/morty/morty/internal/state/state.go:160.82,161.14 1 1
github.com/morty/morty/internal/state/state.go:163.2,163.14 1 1
github.com/morty/morty/internal/state/status_json.go:23.32,29.16 4 1
github.com/morty/morty/internal/state/status_json.go:29.16,30.25 1 1
github.com/morty/morty/internal/state/status_json.go:30.25,34.4 2 1
github.com/morty/morty/internal/state/status_json.go:36.3,36.64 1 0
github.com/morty/morty/internal/state/status_json.go:40.2,41.16 2 1
github.com/morty/morty/internal/state/status_json.go:41.16,43.3 1 0
github.com/morty/morty/internal/state/status_json.go:46.2,47.53 2 1
github.com/morty/morty/internal/state/status_json.go:47.53,49.3 1 1
github.com/morty/morty/internal/state/status_json.go:52.2,52.46 1 1
github.com/morty/morty/internal/state/status_json.go:52.46,54.3 1 1
github.com/morty/morty/internal/state/status_json.go:56.2,57.12 2 1
github.com/morty/morty/internal/state/status_json.go:62.32,67.18 4 1
github.com/morty/morty/internal/state/status_json.go:67.18,73.3 4 0
github.com/morty/morty/internal/state/status_json.go:76.2,77.47 2 1
github.com/morty/morty/internal/state/status_json.go:77.47,79.3 1 0
github.com/morty/morty/internal/state/status_json.go:82.2,83.16 2 1
github.com/morty/morty/internal/state/status_json.go:83.16,85.3 1 0
github.com/morty/morty/internal/state/status_json.go:88.2,89.59 2 1
github.com/morty/morty/internal/state/status_json.go:89.59,91.3 1 0
github.com/morty/morty/internal/state/status_json.go:94.2,94.56 1 1
github.com/morty/morty/internal/state/status_json.go:94.56,98.3 2 0
github.com/morty/morty/internal/state/status_json.go:100.2,100.12 1 1
github.com/morty/morty/internal/state/status_json.go:105.42,109.2 3 1
github.com/morty/morty/internal/state/status_json.go:112.47,116.2 3 1
github.com/morty/morty/internal/state/status_json.go:119.52,131.2 2 1
github.com/morty/morty/internal/state/status_json.go:135.45,137.25 1 1
github.com/morty/morty/internal/state/status_json.go:137.25,139.3 1 0
github.com/morty/morty/internal/state/status_json.go:142.2,142.36 1 1
github.com/morty/morty/internal/state/status_json.go:142.36,144.3 1 1
github.com/morty/morty/internal/state/status_json.go:147.2,147.42 1 1
github.com/morty/morty/internal/state/status_json.go:147.42,148.20 1 1
github.com/morty/morty/internal/state/status_json.go:148.20,150.4 1 0
github.com/morty/morty/internal/state/status_json.go:151.3,151.24 1 1
github.com/morty/morty/internal/state/status_json.go:151.24,153.4 1 0
github.com/morty/morty/internal/state/status_json.go:154.3,154.31 1 1
github.com/morty/morty/internal/state/status_json.go:154.31,156.4 1 0
github.com/morty/morty/internal/state/status_json.go:158.3,158.41 1 1
github.com/morty/morty/internal/state/status_json.go:158.41,159.18 1 0
github.com/morty/morty/internal/state/status_json.go:159.18,161.5 1 0
github.com/morty/morty/internal/state/status_json.go:162.4,162.22 1 0
github.com/morty/morty/internal/state/status_json.go:162.22,164.5 1 0
github.com/morty/morty/internal/state/status_json.go:165.4,165.29 1 0
github.com/morty/morty/internal/state/status_json.go:165.29,167.5 1 0
github.com/morty/morty/internal/state/status_json.go:171.2,171.12 1 1
github.com/morty/morty/internal/state/status_json.go:177.44,180.16 2 1
github.com/morty/morty/internal/state/status_json.go:180.16,181.25 1 1
github.com/morty/morty/internal/state/status_json.go:181.25,183.4 1 1
github.com/morty/morty/internal/state/status_json.go:184.3,184.68 1 0
github.com/morty/morty/internal/state/status_json.go:188.2,195.6 6 1
github.com/morty/morty/internal/state/status_json.go:195.6,197.17 2 1
github.com/morty/morty/internal/state/status_json.go:197.17,198.26 1 1
github.com/morty/morty/internal/state/status_json.go:198.26,199.10 1 1
github.com/morty/morty/internal/state/status_json.go:201.4,201.71 1 0
github.com/morty/morty/internal/state/status_json.go:204.3,206.21 3 1
github.com/morty/morty/internal/state/status_json.go:206.21,208.4 1 0
github.com/morty/morty/internal/state/status_json.go:212.2,213.16 2 1
github.com/morty/morty/internal/state/status_json.go:213.16,215.3 1 0
github.com/morty/morty/internal/state/status_json.go:218.2,218.61 1 1
github.com/morty/morty/internal/state/status_json.go:218.61,220.3 1 0
github.com/morty/morty/internal/state/status_json.go:222.2,222.24 1 1
github.com/morty/morty/internal/state/status_json.go:226.65,231.18 4 0
github.com/morty/morty/internal/state/status_json.go:231.18,233.3 1 0
github.com/morty/morty/internal/state/status_json.go:236.2,237.47 2 0
github.com/morty/morty/internal/state/status_json.go:237.47,239.3 1 0
github.com/morty/morty/internal/state/status_json.go:242.2,243.16 2 0
github.com/morty/morty/internal/state/status_json.go:243.16,245.3 1 0
github.com/morty/morty/internal/state/status_json.go:247.2,247.61 1 0
github.com/morty/morty/internal/state/status_json.go:247.61,249.3 1 0
github.com/morty/morty/internal/state/status_json.go:251.2,251.12 1 0
github.com/morty/morty/internal/state/status_json.go:255.51,263.16 7 1
github.com/morty/morty/internal/state/status_json.go:263.16,264.25 1 0
github.com/morty/morty/internal/state/status_json.go:264.25,266.4 1 0
github.com/morty/morty/internal/state/status_json.go:267.3,267.75 1 0
github.com/morty/morty/internal/state/status_json.go:270.2,271.32 2 1
github.com/morty/morty/internal/state/status_json.go:271.32,272.20 1 1
github.com/morty/morty/internal/state/status_json.go:272.20,273.12 1 0
github.com/morty/morty/internal/state/status_json.go:275.3,278.43 2 1
github.com/morty/morty/internal/state/status_json.go:278.43,280.4 1 1
github.com/morty/morty/internal/state/status_json.go:283.2,283.21 1 1
github.com/morty/morty/internal/state/status_json.go:287.62,290.16 2 1
github.com/morty/morty/internal/state/status_json.go:290.16,292.3 1 0
github.com/morty/morty/internal/state/status_json.go:295.2,296.53 2 1
github.com/morty/morty/internal/state/status_json.go:296.53,298.3 1 0
github.com/morty/morty/internal/state/status_json.go:301.2,301.46 1 1
github.com/morty/morty/internal/state/status_json.go:301.46,303.3 1 0
github.com/morty/morty/internal/state/status_json.go:306.2,311.17 4 1
github.com/morty/morty/internal/state/status_json.go:316.55,319.20 3 1
github.com/morty/morty/internal/state/status_json.go:319.20,321.3 1 0
github.com/morty/morty/internal/state/status_json.go:322.2,322.30 1 1
github.com/morty/morty/internal/state/status_json.go:327.64,330.20 3 1
github.com/morty/morty/internal/state/status_json.go:330.20,332.3 1 0
github.com/morty/morty/internal/state/status_json.go:333.2,334.9 2 1
github.com/morty/morty/internal/state/status_json.go:334.9,336.3 1 1
github.com/morty/morty/internal/state/status_json.go:337.2,337.29 1 1
github.com/morty/morty/internal/state/status_json.go:341.50,344.20 3 1
github.com/morty/morty/internal/state/status_json.go:344.20,346.3 1 0
github.com/morty/morty/internal/state/status_json.go:347.2,349.40 3 1
github.com/morty/morty/internal/state/status_json.go:353.60,356.20 3 1
github.com/morty/morty/internal/state/status_json.go:356.20,358.3 1 0
github.com/morty/morty/internal/state/status_json.go:359.2,360.9 2 1
github.com/morty/morty/internal/state/status_json.go:360.9,370.3 3 1
github.com/morty/morty/internal/state/status_json.go:371.2,374.40 4 1
