mode: set
github.com/morty/morty/internal/callcli/async.go:32.103,34.2 1 1
github.com/morty/morty/internal/callcli/async.go:37.127,42.34 2 1
github.com/morty/morty/internal/callcli/async.go:42.34,45.3 1 1
github.com/morty/morty/internal/callcli/async.go:48.2,49.16 2 1
github.com/morty/morty/internal/callcli/async.go:49.16,52.3 1 1
github.com/morty/morty/internal/callcli/async.go:55.2,56.42 2 1
github.com/morty/morty/internal/callcli/async.go:56.42,58.3 1 0
github.com/morty/morty/internal/callcli/async.go:61.2,64.27 2 1
github.com/morty/morty/internal/callcli/async.go:64.27,66.3 1 1
github.com/morty/morty/internal/callcli/async.go:69.2,72.22 2 1
github.com/morty/morty/internal/callcli/async.go:72.22,74.3 1 1
github.com/morty/morty/internal/callcli/async.go:77.2,88.36 4 1
github.com/morty/morty/internal/callcli/async.go:88.36,91.3 1 0
github.com/morty/morty/internal/callcli/async.go:94.2,102.21 6 1
github.com/morty/morty/internal/callcli/async.go:106.84,111.12 3 1
github.com/morty/morty/internal/callcli/async.go:111.12,113.3 1 1
github.com/morty/morty/internal/callcli/async.go:115.2,119.17 3 1
github.com/morty/morty/internal/callcli/async.go:119.17,120.10 1 1
github.com/morty/morty/internal/callcli/async.go:121.25,121.25 0 0
github.com/morty/morty/internal/callcli/async.go:123.30,127.20 3 1
github.com/morty/morty/internal/callcli/async.go:129.8,131.3 1 1
github.com/morty/morty/internal/callcli/async.go:133.2,148.20 5 1
github.com/morty/morty/internal/callcli/async.go:148.20,149.15 1 1
github.com/morty/morty/internal/callcli/async.go:149.15,154.4 2 1
github.com/morty/morty/internal/callcli/async.go:154.9,154.60 1 1
github.com/morty/morty/internal/callcli/async.go:154.60,156.62 1 1
github.com/morty/morty/internal/callcli/async.go:156.62,159.26 2 1
github.com/morty/morty/internal/callcli/async.go:159.26,163.6 1 1
github.com/morty/morty/internal/callcli/async.go:164.10,166.5 1 0
github.com/morty/morty/internal/callcli/async.go:167.9,169.4 1 0
github.com/morty/morty/internal/callcli/async.go:172.3,172.19 1 1
github.com/morty/morty/internal/callcli/async.go:172.19,177.4 1 1
github.com/morty/morty/internal/callcli/async.go:180.2,182.15 3 1
github.com/morty/morty/internal/callcli/async.go:186.48,191.2 4 1
github.com/morty/morty/internal/callcli/async.go:194.37,198.30 3 1
github.com/morty/morty/internal/callcli/async.go:198.30,200.3 1 0
github.com/morty/morty/internal/callcli/async.go:202.2,202.42 1 1
github.com/morty/morty/internal/callcli/async.go:202.42,204.3 1 1
github.com/morty/morty/internal/callcli/async.go:206.2,206.12 1 0
github.com/morty/morty/internal/callcli/async.go:210.34,214.2 3 1
github.com/morty/morty/internal/callcli/async.go:217.39,221.30 3 1
github.com/morty/morty/internal/callcli/async.go:221.30,223.3 1 1
github.com/morty/morty/internal/callcli/async.go:226.2,226.42 1 1
github.com/morty/morty/internal/callcli/async.go:226.42,230.3 2 1
github.com/morty/morty/internal/callcli/async.go:232.2,232.14 1 0
github.com/morty/morty/internal/callcli/caller.go:23.24,27.2 1 1
github.com/morty/morty/internal/callcli/caller.go:30.56,34.2 1 1
github.com/morty/morty/internal/callcli/caller.go:37.63,39.2 1 1
github.com/morty/morty/internal/callcli/caller.go:42.56,44.2 1 1
github.com/morty/morty/internal/callcli/caller.go:47.94,49.2 1 1
github.com/morty/morty/internal/callcli/caller.go:52.118,59.34 3 1
github.com/morty/morty/internal/callcli/caller.go:59.34,62.3 1 1
github.com/morty/morty/internal/callcli/caller.go:65.2,66.16 2 1
github.com/morty/morty/internal/callcli/caller.go:66.16,69.3 1 1
github.com/morty/morty/internal/callcli/caller.go:72.2,73.42 2 1
github.com/morty/morty/internal/callcli/caller.go:73.42,75.3 1 1
github.com/morty/morty/internal/callcli/caller.go:78.2,78.17 1 1
github.com/morty/morty/internal/callcli/caller.go:78.17,82.3 3 1
github.com/morty/morty/internal/callcli/caller.go:85.2,88.27 2 1
github.com/morty/morty/internal/callcli/caller.go:88.27,90.3 1 1
github.com/morty/morty/internal/callcli/caller.go:93.2,96.22 2 1
github.com/morty/morty/internal/callcli/caller.go:96.22,98.3 1 1
github.com/morty/morty/internal/callcli/caller.go:101.2,120.19 7 1
github.com/morty/morty/internal/callcli/caller.go:120.19,122.44 1 1
github.com/morty/morty/internal/callcli/caller.go:122.44,127.4 2 1
github.com/morty/morty/internal/callcli/caller.go:130.3,130.52 1 1
github.com/morty/morty/internal/callcli/caller.go:130.52,132.62 1 1
github.com/morty/morty/internal/callcli/caller.go:132.62,135.26 2 1
github.com/morty/morty/internal/callcli/caller.go:135.26,139.6 1 0
github.com/morty/morty/internal/callcli/caller.go:140.10,142.5 1 0
github.com/morty/morty/internal/callcli/caller.go:143.9,145.4 1 0
github.com/morty/morty/internal/callcli/caller.go:148.3,151.39 1 1
github.com/morty/morty/internal/callcli/caller.go:154.2,154.20 1 1
github.com/morty/morty/internal/callcli/caller.go:158.73,163.40 2 1
github.com/morty/morty/internal/callcli/caller.go:163.40,165.3 1 1
github.com/morty/morty/internal/callcli/caller.go:167.2,167.12 1 1
github.com/morty/morty/internal/callcli/caller.go:171.60,172.20 1 1
github.com/morty/morty/internal/callcli/caller.go:172.20,174.3 1 1
github.com/morty/morty/internal/callcli/caller.go:175.2,175.60 1 1
