mode: set
github.com/morty/morty/internal/parser/markdown/parser.go:66.26,68.2 1 1
github.com/morty/morty/internal/parser/markdown/parser.go:71.87,73.16 2 1
github.com/morty/morty/internal/parser/markdown/parser.go:73.16,75.3 1 0
github.com/morty/morty/internal/parser/markdown/parser.go:77.2,78.16 2 1
github.com/morty/morty/internal/parser/markdown/parser.go:78.16,84.3 1 0
github.com/morty/morty/internal/parser/markdown/parser.go:86.2,90.8 1 1
github.com/morty/morty/internal/parser/markdown/parser.go:94.96,96.2 1 1
github.com/morty/morty/internal/parser/markdown/parser.go:99.58,101.2 1 1
github.com/morty/morty/internal/parser/markdown/parser.go:104.45,106.2 1 1
github.com/morty/morty/internal/parser/markdown/parser.go:109.67,111.2 1 1
github.com/morty/morty/internal/parser/markdown/parser.go:129.66,138.21 5 1
github.com/morty/morty/internal/parser/markdown/parser.go:138.21,142.30 2 1
github.com/morty/morty/internal/parser/markdown/parser.go:142.30,143.40 1 1
github.com/morty/morty/internal/parser/markdown/parser.go:143.40,149.5 4 1
github.com/morty/morty/internal/parser/markdown/parser.go:149.10,151.5 1 1
github.com/morty/morty/internal/parser/markdown/parser.go:152.4,152.12 1 1
github.com/morty/morty/internal/parser/markdown/parser.go:156.3,156.73 1 1
github.com/morty/morty/internal/parser/markdown/parser.go:156.73,162.12 3 1
github.com/morty/morty/internal/parser/markdown/parser.go:166.3,167.18 2 1
github.com/morty/morty/internal/parser/markdown/parser.go:167.18,169.4 1 1
github.com/morty/morty/internal/parser/markdown/parser.go:173.2,173.29 1 1
github.com/morty/morty/internal/parser/markdown/parser.go:173.29,176.3 2 1
github.com/morty/morty/internal/parser/markdown/parser.go:179.2,181.38 2 1
github.com/morty/morty/internal/parser/markdown/parser.go:181.38,183.3 1 0
github.com/morty/morty/internal/parser/markdown/parser.go:185.2,185.17 1 1
github.com/morty/morty/internal/parser/markdown/parser.go:189.47,193.19 2 1
github.com/morty/morty/internal/parser/markdown/parser.go:193.19,195.3 1 1
github.com/morty/morty/internal/parser/markdown/parser.go:198.2,201.73 2 1
github.com/morty/morty/internal/parser/markdown/parser.go:201.73,208.3 2 1
github.com/morty/morty/internal/parser/markdown/parser.go:211.2,211.79 1 1
github.com/morty/morty/internal/parser/markdown/parser.go:211.79,218.3 1 1
github.com/morty/morty/internal/parser/markdown/parser.go:221.2,221.77 1 1
github.com/morty/morty/internal/parser/markdown/parser.go:221.77,231.3 1 1
github.com/morty/morty/internal/parser/markdown/parser.go:234.2,237.3 1 1
github.com/morty/morty/internal/parser/markdown/parser.go:241.52,244.26 2 1
github.com/morty/morty/internal/parser/markdown/parser.go:244.26,245.16 1 1
github.com/morty/morty/internal/parser/markdown/parser.go:245.16,247.4 1 1
github.com/morty/morty/internal/parser/markdown/parser.go:247.9,247.24 1 1
github.com/morty/morty/internal/parser/markdown/parser.go:247.24,249.4 1 0
github.com/morty/morty/internal/parser/markdown/parser.go:249.9,250.9 1 1
github.com/morty/morty/internal/parser/markdown/parser.go:254.2,254.19 1 1
github.com/morty/morty/internal/parser/markdown/parser.go:258.54,259.21 1 1
github.com/morty/morty/internal/parser/markdown/parser.go:259.21,261.3 1 1
github.com/morty/morty/internal/parser/markdown/parser.go:263.2,266.23 3 1
github.com/morty/morty/internal/parser/markdown/parser.go:266.23,269.32 2 1
github.com/morty/morty/internal/parser/markdown/parser.go:269.32,270.67 1 1
github.com/morty/morty/internal/parser/markdown/parser.go:270.67,276.65 3 1
github.com/morty/morty/internal/parser/markdown/parser.go:276.65,277.37 1 1
github.com/morty/morty/internal/parser/markdown/parser.go:277.37,279.7 1 0
github.com/morty/morty/internal/parser/markdown/parser.go:280.6,283.7 1 1
github.com/morty/morty/internal/parser/markdown/parser.go:285.10,287.27 1 1
github.com/morty/morty/internal/parser/markdown/parser.go:287.27,289.6 1 1
github.com/morty/morty/internal/parser/markdown/parser.go:290.5,292.65 3 1
github.com/morty/morty/internal/parser/markdown/parser.go:292.65,294.6 1 1
github.com/morty/morty/internal/parser/markdown/parser.go:296.9,298.26 1 1
github.com/morty/morty/internal/parser/markdown/parser.go:298.26,301.5 2 1
github.com/morty/morty/internal/parser/markdown/parser.go:302.4,302.33 1 1
github.com/morty/morty/internal/parser/markdown/parser.go:307.2,307.24 1 1
github.com/morty/morty/internal/parser/markdown/parser.go:307.24,309.3 1 1
github.com/morty/morty/internal/parser/markdown/parser.go:311.2,311.15 1 1
github.com/morty/morty/internal/parser/markdown/parser.go:315.36,317.31 2 1
github.com/morty/morty/internal/parser/markdown/parser.go:317.31,318.12 1 1
github.com/morty/morty/internal/parser/markdown/parser.go:318.12,320.4 1 1
github.com/morty/morty/internal/parser/markdown/parser.go:321.3,321.32 1 1
github.com/morty/morty/internal/parser/markdown/parser.go:323.2,323.20 1 1
github.com/morty/morty/internal/parser/markdown/parser.go:327.32,328.16 1 1
github.com/morty/morty/internal/parser/markdown/parser.go:329.23,330.58 1 1
github.com/morty/morty/internal/parser/markdown/parser.go:331.25,332.49 1 1
github.com/morty/morty/internal/parser/markdown/parser.go:333.20,334.59 1 1
github.com/morty/morty/internal/parser/markdown/parser.go:335.25,336.98 1 1
github.com/morty/morty/internal/parser/markdown/parser.go:337.10,338.44 1 0
github.com/morty/morty/internal/parser/markdown/register.go:9.40,11.2 1 1
github.com/morty/morty/internal/parser/markdown/register.go:15.54,17.36 2 1
github.com/morty/morty/internal/parser/markdown/register.go:17.36,19.3 1 0
github.com/morty/morty/internal/parser/markdown/register.go:20.2,20.15 1 1
github.com/morty/morty/internal/parser/markdown/section.go:33.59,35.2 1 1
github.com/morty/morty/internal/parser/markdown/section.go:39.56,40.16 1 1
github.com/morty/morty/internal/parser/markdown/section.go:40.16,42.3 1 1
github.com/morty/morty/internal/parser/markdown/section.go:44.2,45.44 2 1
github.com/morty/morty/internal/parser/markdown/section.go:50.64,51.16 1 1
github.com/morty/morty/internal/parser/markdown/section.go:51.16,53.3 1 0
github.com/morty/morty/internal/parser/markdown/section.go:55.2,55.36 1 1
github.com/morty/morty/internal/parser/markdown/section.go:55.36,57.3 1 1
github.com/morty/morty/internal/parser/markdown/section.go:59.2,60.16 2 1
github.com/morty/morty/internal/parser/markdown/section.go:60.16,62.3 1 0
github.com/morty/morty/internal/parser/markdown/section.go:64.2,64.46 1 1
github.com/morty/morty/internal/parser/markdown/section.go:68.71,69.16 1 1
github.com/morty/morty/internal/parser/markdown/section.go:69.16,71.3 1 0
github.com/morty/morty/internal/parser/markdown/section.go:73.2,73.28 1 1
github.com/morty/morty/internal/parser/markdown/section.go:73.28,75.3 1 1
github.com/morty/morty/internal/parser/markdown/section.go:77.2,78.16 2 1
github.com/morty/morty/internal/parser/markdown/section.go:78.16,80.3 1 0
github.com/morty/morty/internal/parser/markdown/section.go:82.2,84.20 3 1
github.com/morty/morty/internal/parser/markdown/section.go:88.60,89.45 1 1
github.com/morty/morty/internal/parser/markdown/section.go:89.45,91.3 1 1
github.com/morty/morty/internal/parser/markdown/section.go:94.2,96.36 2 1
github.com/morty/morty/internal/parser/markdown/section.go:96.36,97.35 1 1
github.com/morty/morty/internal/parser/markdown/section.go:97.35,103.4 1 1
github.com/morty/morty/internal/parser/markdown/section.go:106.2,106.24 1 1
github.com/morty/morty/internal/parser/markdown/section.go:106.24,108.3 1 1
github.com/morty/morty/internal/parser/markdown/section.go:111.2,111.80 1 1
github.com/morty/morty/internal/parser/markdown/section.go:117.129,120.27 2 1
github.com/morty/morty/internal/parser/markdown/section.go:120.27,125.32 3 1
github.com/morty/morty/internal/parser/markdown/section.go:125.32,126.36 1 1
github.com/morty/morty/internal/parser/markdown/section.go:126.36,128.10 2 1
github.com/morty/morty/internal/parser/markdown/section.go:131.3,131.50 1 1
github.com/morty/morty/internal/parser/markdown/section.go:131.50,133.4 1 1
github.com/morty/morty/internal/parser/markdown/section.go:136.3,143.25 2 1
github.com/morty/morty/internal/parser/markdown/section.go:143.25,145.4 1 1
github.com/morty/morty/internal/parser/markdown/section.go:148.3,150.32 3 1
github.com/morty/morty/internal/parser/markdown/section.go:150.32,151.36 1 1
github.com/morty/morty/internal/parser/markdown/section.go:151.36,152.10 1 1
github.com/morty/morty/internal/parser/markdown/section.go:154.4,154.20 1 1
github.com/morty/morty/internal/parser/markdown/section.go:157.3,157.28 1 1
github.com/morty/morty/internal/parser/markdown/section.go:157.28,159.4 1 1
github.com/morty/morty/internal/parser/markdown/section.go:161.3,164.15 2 1
github.com/morty/morty/internal/parser/markdown/section.go:167.2,167.17 1 1
github.com/morty/morty/internal/parser/markdown/section.go:172.73,173.57 1 1
github.com/morty/morty/internal/parser/markdown/section.go:173.57,175.3 1 0
github.com/morty/morty/internal/parser/markdown/section.go:177.2,178.62 2 1
github.com/morty/morty/internal/parser/markdown/section.go:178.62,181.3 2 1
github.com/morty/morty/internal/parser/markdown/section.go:183.2,183.41 1 1
github.com/morty/morty/internal/parser/markdown/section.go:187.37,188.19 1 1
github.com/morty/morty/internal/parser/markdown/section.go:189.23,190.77 1 1
github.com/morty/morty/internal/parser/markdown/section.go:191.25,192.22 1 1
github.com/morty/morty/internal/parser/markdown/section.go:193.20,195.35 2 1
github.com/morty/morty/internal/parser/markdown/section.go:195.35,196.40 1 1
github.com/morty/morty/internal/parser/markdown/section.go:196.40,198.5 1 1
github.com/morty/morty/internal/parser/markdown/section.go:198.10,200.5 1 1
github.com/morty/morty/internal/parser/markdown/section.go:202.3,202.35 1 1
github.com/morty/morty/internal/parser/markdown/section.go:203.25,204.26 1 1
github.com/morty/morty/internal/parser/markdown/section.go:204.26,206.4 1 1
github.com/morty/morty/internal/parser/markdown/section.go:207.3,207.51 1 0
github.com/morty/morty/internal/parser/markdown/section.go:208.10,209.22 1 0
github.com/morty/morty/internal/parser/markdown/section.go:214.78,217.31 2 1
github.com/morty/morty/internal/parser/markdown/section.go:217.31,218.67 1 1
github.com/morty/morty/internal/parser/markdown/section.go:218.67,220.4 1 1
github.com/morty/morty/internal/parser/markdown/section.go:223.3,223.28 1 1
github.com/morty/morty/internal/parser/markdown/section.go:223.28,225.18 2 1
github.com/morty/morty/internal/parser/markdown/section.go:225.18,227.5 1 1
github.com/morty/morty/internal/parser/markdown/section.go:231.2,231.72 1 1
github.com/morty/morty/internal/parser/markdown/section.go:235.79,236.31 1 1
github.com/morty/morty/internal/parser/markdown/section.go:236.31,237.25 1 1
github.com/morty/morty/internal/parser/markdown/section.go:237.25,239.4 1 1
github.com/morty/morty/internal/parser/markdown/section.go:240.3,240.28 1 1
github.com/morty/morty/internal/parser/markdown/section.go:240.28,242.4 1 1
github.com/morty/morty/internal/parser/markdown/section.go:247.48,249.21 2 1
github.com/morty/morty/internal/parser/markdown/section.go:249.21,251.3 1 0
github.com/morty/morty/internal/parser/markdown/section.go:252.2,252.38 1 1
github.com/morty/morty/internal/parser/markdown/section.go:256.60,258.16 2 1
github.com/morty/morty/internal/parser/markdown/section.go:258.16,260.3 1 0
github.com/morty/morty/internal/parser/markdown/section.go:262.2,264.20 3 1
github.com/morty/morty/internal/parser/markdown/section.go:268.61,269.31 1 1
github.com/morty/morty/internal/parser/markdown/section.go:269.31,271.28 2 1
github.com/morty/morty/internal/parser/markdown/section.go:271.28,273.4 1 1
github.com/morty/morty/internal/parser/markdown/section.go:278.48,280.16 2 1
github.com/morty/morty/internal/parser/markdown/section.go:280.16,282.3 1 0
github.com/morty/morty/internal/parser/markdown/section.go:284.2,284.46 1 1
github.com/morty/morty/internal/parser/markdown/section.go:288.53,290.31 2 1
github.com/morty/morty/internal/parser/markdown/section.go:290.31,292.3 1 1
github.com/morty/morty/internal/parser/markdown/section.go:293.2,293.14 1 1
github.com/morty/morty/internal/parser/markdown/task.go:44.53,46.2 1 1
github.com/morty/morty/internal/parser/markdown/task.go:49.72,51.2 1 0
github.com/morty/morty/internal/parser/markdown/task.go:55.50,56.16 1 1
github.com/morty/morty/internal/parser/markdown/task.go:56.16,58.3 1 1
github.com/morty/morty/internal/parser/markdown/task.go:60.2,61.41 2 1
github.com/morty/morty/internal/parser/markdown/task.go:65.51,66.45 1 1
github.com/morty/morty/internal/parser/markdown/task.go:66.45,68.3 1 1
github.com/morty/morty/internal/parser/markdown/task.go:70.2,73.18 2 1
github.com/morty/morty/internal/parser/markdown/task.go:73.18,75.3 1 0
github.com/morty/morty/internal/parser/markdown/task.go:78.2,78.36 1 1
github.com/morty/morty/internal/parser/markdown/task.go:78.36,80.3 1 1
github.com/morty/morty/internal/parser/markdown/task.go:82.2,82.14 1 1
github.com/morty/morty/internal/parser/markdown/task.go:86.55,90.21 3 0
github.com/morty/morty/internal/parser/markdown/task.go:90.21,92.51 2 0
github.com/morty/morty/internal/parser/markdown/task.go:92.51,94.4 1 0
github.com/morty/morty/internal/parser/markdown/task.go:97.2,97.14 1 0
github.com/morty/morty/internal/parser/markdown/task.go:101.65,104.19 2 1
github.com/morty/morty/internal/parser/markdown/task.go:105.20,108.35 1 1
github.com/morty/morty/internal/parser/markdown/task.go:108.35,110.33 2 1
github.com/morty/morty/internal/parser/markdown/task.go:110.33,112.5 1 1
github.com/morty/morty/internal/parser/markdown/task.go:114.4,115.40 2 1
github.com/morty/morty/internal/parser/markdown/task.go:115.40,117.5 1 0
github.com/morty/morty/internal/parser/markdown/task.go:119.4,121.72 3 1
github.com/morty/morty/internal/parser/markdown/task.go:121.72,123.5 1 1
github.com/morty/morty/internal/parser/markdown/task.go:125.25,128.30 2 1
github.com/morty/morty/internal/parser/markdown/task.go:128.30,129.52 1 1
github.com/morty/morty/internal/parser/markdown/task.go:129.52,131.5 1 0
github.com/morty/morty/internal/parser/markdown/task.go:135.2,135.14 1 1
github.com/morty/morty/internal/parser/markdown/task.go:139.43,141.2 1 1
github.com/morty/morty/internal/parser/markdown/task.go:144.63,149.20 3 1
github.com/morty/morty/internal/parser/markdown/task.go:149.20,155.24 4 1
github.com/morty/morty/internal/parser/markdown/task.go:155.24,157.4 1 1
github.com/morty/morty/internal/parser/markdown/task.go:160.3,160.33 1 1
github.com/morty/morty/internal/parser/markdown/task.go:160.33,162.4 1 1
github.com/morty/morty/internal/parser/markdown/task.go:163.3,171.4 2 1
github.com/morty/morty/internal/parser/markdown/task.go:174.2,174.12 1 1
github.com/morty/morty/internal/parser/markdown/task.go:178.47,179.15 1 1
github.com/morty/morty/internal/parser/markdown/task.go:179.15,181.3 1 1
github.com/morty/morty/internal/parser/markdown/task.go:182.2,182.26 1 1
github.com/morty/morty/internal/parser/markdown/task.go:187.46,188.18 1 1
github.com/morty/morty/internal/parser/markdown/task.go:188.18,190.3 1 1
github.com/morty/morty/internal/parser/markdown/task.go:193.2,197.15 3 1
github.com/morty/morty/internal/parser/markdown/task.go:197.15,199.3 1 0
github.com/morty/morty/internal/parser/markdown/task.go:201.2,201.14 1 1
github.com/morty/morty/internal/parser/markdown/task.go:205.54,207.16 2 1
github.com/morty/morty/internal/parser/markdown/task.go:207.16,209.3 1 0
github.com/morty/morty/internal/parser/markdown/task.go:211.2,212.29 2 1
github.com/morty/morty/internal/parser/markdown/task.go:212.29,213.22 1 1
github.com/morty/morty/internal/parser/markdown/task.go:213.22,215.4 1 1
github.com/morty/morty/internal/parser/markdown/task.go:218.2,218.21 1 1
github.com/morty/morty/internal/parser/markdown/task.go:222.56,224.16 2 1
github.com/morty/morty/internal/parser/markdown/task.go:224.16,226.3 1 0
github.com/morty/morty/internal/parser/markdown/task.go:228.2,229.29 2 1
github.com/morty/morty/internal/parser/markdown/task.go:229.29,230.21 1 1
github.com/morty/morty/internal/parser/markdown/task.go:230.21,232.4 1 1
github.com/morty/morty/internal/parser/markdown/task.go:235.2,235.23 1 1
github.com/morty/morty/internal/parser/markdown/task.go:239.75,241.16 2 1
github.com/morty/morty/internal/parser/markdown/task.go:241.16,243.3 1 0
github.com/morty/morty/internal/parser/markdown/task.go:245.2,246.29 2 1
github.com/morty/morty/internal/parser/markdown/task.go:246.29,247.21 1 1
github.com/morty/morty/internal/parser/markdown/task.go:247.21,249.4 1 1
github.com/morty/morty/internal/parser/markdown/task.go:249.9,251.4 1 1
github.com/morty/morty/internal/parser/markdown/task.go:254.2,254.39 1 1
github.com/morty/morty/internal/parser/markdown/task.go:258.64,260.16 2 1
github.com/morty/morty/internal/parser/markdown/task.go:260.16,262.3 1 0
github.com/morty/morty/internal/parser/markdown/task.go:264.2,265.29 2 1
github.com/morty/morty/internal/parser/markdown/task.go:265.29,266.26 1 1
github.com/morty/morty/internal/parser/markdown/task.go:266.26,268.4 1 1
github.com/morty/morty/internal/parser/markdown/task.go:271.2,271.20 1 1
github.com/morty/morty/internal/parser/markdown/task.go:276.62,278.16 2 1
github.com/morty/morty/internal/parser/markdown/task.go:278.16,280.3 1 0
github.com/morty/morty/internal/parser/markdown/task.go:282.2,283.29 2 1
github.com/morty/morty/internal/parser/markdown/task.go:283.29,285.3 1 1
github.com/morty/morty/internal/parser/markdown/task.go:287.2,287.23 1 1
