mode: set
github.com/morty/morty/internal/config/config.go:173.30,225.2 1 1
github.com/morty/morty/internal/config/config.go:229.72,231.16 2 1
github.com/morty/morty/internal/config/config.go:231.16,233.3 1 1
github.com/morty/morty/internal/config/config.go:234.2,234.10 1 1
github.com/morty/morty/internal/config/config.go:239.82,241.16 2 1
github.com/morty/morty/internal/config/config.go:241.16,243.3 1 1
github.com/morty/morty/internal/config/config.go:244.2,244.10 1 1
github.com/morty/morty/internal/config/config.go:249.84,251.16 2 1
github.com/morty/morty/internal/config/config.go:251.16,253.3 1 1
github.com/morty/morty/internal/config/config.go:254.2,254.10 1 1
github.com/morty/morty/internal/config/loader.go:23.26,27.2 1 1
github.com/morty/morty/internal/config/loader.go:30.35,32.2 1 1
github.com/morty/morty/internal/config/loader.go:37.42,38.16 1 1
github.com/morty/morty/internal/config/loader.go:38.16,40.3 1 0
github.com/morty/morty/internal/config/loader.go:43.2,44.16 2 1
github.com/morty/morty/internal/config/loader.go:44.16,46.3 1 0
github.com/morty/morty/internal/config/loader.go:49.2,49.57 1 1
github.com/morty/morty/internal/config/loader.go:49.57,51.3 1 1
github.com/morty/morty/internal/config/loader.go:54.2,55.16 2 1
github.com/morty/morty/internal/config/loader.go:55.16,57.3 1 0
github.com/morty/morty/internal/config/loader.go:60.2,61.58 2 1
github.com/morty/morty/internal/config/loader.go:61.58,63.3 1 1
github.com/morty/morty/internal/config/loader.go:66.2,70.37 3 1
github.com/morty/morty/internal/config/loader.go:70.37,72.3 1 0
github.com/morty/morty/internal/config/loader.go:74.2,74.12 1 1
github.com/morty/morty/internal/config/loader.go:80.61,85.26 2 1
github.com/morty/morty/internal/config/loader.go:85.26,87.50 2 1
github.com/morty/morty/internal/config/loader.go:87.50,89.18 2 1
github.com/morty/morty/internal/config/loader.go:89.18,91.5 1 1
github.com/morty/morty/internal/config/loader.go:96.2,97.54 2 1
github.com/morty/morty/internal/config/loader.go:97.54,99.17 2 1
github.com/morty/morty/internal/config/loader.go:99.17,101.4 1 1
github.com/morty/morty/internal/config/loader.go:105.2,108.37 2 1
github.com/morty/morty/internal/config/loader.go:108.37,110.3 1 0
github.com/morty/morty/internal/config/loader.go:112.2,112.12 1 1
github.com/morty/morty/internal/config/loader.go:117.54,118.16 1 1
github.com/morty/morty/internal/config/loader.go:118.16,122.3 2 1
github.com/morty/morty/internal/config/loader.go:124.2,125.16 2 1
github.com/morty/morty/internal/config/loader.go:125.16,127.3 1 0
github.com/morty/morty/internal/config/loader.go:130.2,130.57 1 1
github.com/morty/morty/internal/config/loader.go:130.57,134.3 2 1
github.com/morty/morty/internal/config/loader.go:137.2,137.21 1 1
github.com/morty/morty/internal/config/loader.go:141.67,143.16 2 1
github.com/morty/morty/internal/config/loader.go:143.16,145.3 1 0
github.com/morty/morty/internal/config/loader.go:147.2,148.51 2 1
github.com/morty/morty/internal/config/loader.go:148.51,150.3 1 0
github.com/morty/morty/internal/config/loader.go:152.2,152.18 1 1
github.com/morty/morty/internal/config/loader.go:156.35,159.2 2 1
github.com/morty/morty/internal/config/loader.go:162.84,163.21 1 1
github.com/morty/morty/internal/config/loader.go:163.21,165.3 1 0
github.com/morty/morty/internal/config/loader.go:167.2,168.16 2 1
github.com/morty/morty/internal/config/loader.go:168.16,169.28 1 1
github.com/morty/morty/internal/config/loader.go:169.28,171.4 1 1
github.com/morty/morty/internal/config/loader.go:172.3,172.18 1 1
github.com/morty/morty/internal/config/loader.go:175.2,175.19 1 1
github.com/morty/morty/internal/config/loader.go:179.71,181.16 2 1
github.com/morty/morty/internal/config/loader.go:181.16,182.28 1 1
github.com/morty/morty/internal/config/loader.go:182.28,184.4 1 1
github.com/morty/morty/internal/config/loader.go:185.3,185.12 1 1
github.com/morty/morty/internal/config/loader.go:188.2,188.33 1 1
github.com/morty/morty/internal/config/loader.go:188.33,190.3 1 1
github.com/morty/morty/internal/config/loader.go:192.2,192.27 1 1
github.com/morty/morty/internal/config/loader.go:192.27,194.3 1 1
github.com/morty/morty/internal/config/loader.go:195.2,195.11 1 0
github.com/morty/morty/internal/config/loader.go:199.62,201.16 2 1
github.com/morty/morty/internal/config/loader.go:201.16,202.28 1 1
github.com/morty/morty/internal/config/loader.go:202.28,204.4 1 1
github.com/morty/morty/internal/config/loader.go:205.3,205.11 1 1
github.com/morty/morty/internal/config/loader.go:208.2,208.25 1 1
github.com/morty/morty/internal/config/loader.go:209.11,210.11 1 1
github.com/morty/morty/internal/config/loader.go:211.13,212.16 1 0
github.com/morty/morty/internal/config/loader.go:213.15,214.16 1 0
github.com/morty/morty/internal/config/loader.go:215.14,216.44 1 1
github.com/morty/morty/internal/config/loader.go:216.44,218.4 1 0
github.com/morty/morty/internal/config/loader.go:221.2,221.27 1 1
github.com/morty/morty/internal/config/loader.go:221.27,223.3 1 1
github.com/morty/morty/internal/config/loader.go:224.2,224.10 1 0
github.com/morty/morty/internal/config/loader.go:228.65,230.16 2 1
github.com/morty/morty/internal/config/loader.go:230.16,231.28 1 1
github.com/morty/morty/internal/config/loader.go:231.28,233.4 1 1
github.com/morty/morty/internal/config/loader.go:234.3,234.15 1 1
github.com/morty/morty/internal/config/loader.go:237.2,237.25 1 1
github.com/morty/morty/internal/config/loader.go:238.12,239.11 1 1
github.com/morty/morty/internal/config/loader.go:240.14,241.49 1 1
github.com/morty/morty/internal/config/loader.go:241.49,243.4 1 0
github.com/morty/morty/internal/config/loader.go:246.2,246.27 1 1
github.com/morty/morty/internal/config/loader.go:246.27,248.3 1 1
github.com/morty/morty/internal/config/loader.go:249.2,249.14 1 0
github.com/morty/morty/internal/config/loader.go:253.87,255.16 2 1
github.com/morty/morty/internal/config/loader.go:255.16,256.28 1 1
github.com/morty/morty/internal/config/loader.go:256.28,258.4 1 1
github.com/morty/morty/internal/config/loader.go:259.3,259.11 1 1
github.com/morty/morty/internal/config/loader.go:262.2,262.25 1 1
github.com/morty/morty/internal/config/loader.go:263.21,264.11 1 0
github.com/morty/morty/internal/config/loader.go:265.14,266.50 1 1
github.com/morty/morty/internal/config/loader.go:266.50,268.4 1 1
github.com/morty/morty/internal/config/loader.go:271.2,271.27 1 1
github.com/morty/morty/internal/config/loader.go:271.27,273.3 1 1
github.com/morty/morty/internal/config/loader.go:274.2,274.10 1 0
github.com/morty/morty/internal/config/loader.go:278.59,279.21 1 1
github.com/morty/morty/internal/config/loader.go:279.21,281.3 1 0
github.com/morty/morty/internal/config/loader.go:283.2,283.45 1 1
github.com/morty/morty/internal/config/loader.go:287.31,288.24 1 1
github.com/morty/morty/internal/config/loader.go:288.24,290.3 1 1
github.com/morty/morty/internal/config/loader.go:291.2,291.31 1 1
github.com/morty/morty/internal/config/loader.go:295.44,296.21 1 1
github.com/morty/morty/internal/config/loader.go:296.21,298.3 1 0
github.com/morty/morty/internal/config/loader.go:300.2,301.16 2 1
github.com/morty/morty/internal/config/loader.go:301.16,303.3 1 0
github.com/morty/morty/internal/config/loader.go:306.2,307.47 2 1
github.com/morty/morty/internal/config/loader.go:307.47,309.3 1 0
github.com/morty/morty/internal/config/loader.go:312.2,313.16 2 1
github.com/morty/morty/internal/config/loader.go:313.16,315.3 1 0
github.com/morty/morty/internal/config/loader.go:318.2,318.63 1 1
github.com/morty/morty/internal/config/loader.go:318.63,320.3 1 0
github.com/morty/morty/internal/config/loader.go:322.2,322.12 1 1
github.com/morty/morty/internal/config/loader.go:326.38,328.2 1 1
github.com/morty/morty/internal/config/loader.go:331.37,333.2 1 1
github.com/morty/morty/internal/config/loader.go:336.42,338.2 1 1
github.com/morty/morty/internal/config/loader.go:341.38,342.48 1 1
github.com/morty/morty/internal/config/loader.go:342.48,344.3 1 1
github.com/morty/morty/internal/config/loader.go:345.2,345.23 1 0
github.com/morty/morty/internal/config/loader.go:349.41,350.50 1 1
github.com/morty/morty/internal/config/loader.go:350.50,352.3 1 1
github.com/morty/morty/internal/config/loader.go:353.2,353.25 1 0
github.com/morty/morty/internal/config/loader.go:357.41,359.2 1 1
github.com/morty/morty/internal/config/loader.go:362.46,363.21 1 1
github.com/morty/morty/internal/config/loader.go:363.21,365.3 1 0
github.com/morty/morty/internal/config/loader.go:368.2,368.55 1 1
github.com/morty/morty/internal/config/loader.go:368.55,370.3 1 1
github.com/morty/morty/internal/config/loader.go:373.2,373.52 1 1
github.com/morty/morty/internal/config/loader.go:373.52,374.53 1 0
github.com/morty/morty/internal/config/loader.go:374.53,376.9 1 0
github.com/morty/morty/internal/config/loader.go:376.9,378.5 1 0
github.com/morty/morty/internal/config/loader.go:383.2,383.49 1 1
github.com/morty/morty/internal/config/loader.go:383.49,388.3 3 1
github.com/morty/morty/internal/config/loader.go:395.46,396.16 1 1
github.com/morty/morty/internal/config/loader.go:396.16,398.3 1 1
github.com/morty/morty/internal/config/loader.go:401.2,401.34 1 1
github.com/morty/morty/internal/config/loader.go:401.34,403.17 2 1
github.com/morty/morty/internal/config/loader.go:403.17,405.4 1 0
github.com/morty/morty/internal/config/loader.go:406.3,406.39 1 1
github.com/morty/morty/internal/config/loader.go:410.2,411.16 2 1
github.com/morty/morty/internal/config/loader.go:411.16,413.3 1 0
github.com/morty/morty/internal/config/loader.go:415.2,415.21 1 1
github.com/morty/morty/internal/config/loader.go:419.45,420.16 1 1
github.com/morty/morty/internal/config/loader.go:420.16,421.17 1 0
github.com/morty/morty/internal/config/loader.go:421.17,423.4 1 0
github.com/morty/morty/internal/config/loader.go:424.3,424.13 1 0
github.com/morty/morty/internal/config/loader.go:427.2,427.16 1 1
github.com/morty/morty/internal/config/loader.go:427.16,429.3 1 0
github.com/morty/morty/internal/config/loader.go:431.2,434.23 2 1
github.com/morty/morty/internal/config/loader.go:434.23,436.3 1 1
github.com/morty/morty/internal/config/loader.go:439.2,439.29 1 1
github.com/morty/morty/internal/config/loader.go:439.29,441.3 1 1
github.com/morty/morty/internal/config/loader.go:442.2,442.28 1 1
github.com/morty/morty/internal/config/loader.go:442.28,444.3 1 1
github.com/morty/morty/internal/config/loader.go:445.2,445.36 1 1
github.com/morty/morty/internal/config/loader.go:445.36,447.3 1 1
github.com/morty/morty/internal/config/loader.go:448.2,448.32 1 1
github.com/morty/morty/internal/config/loader.go:448.32,450.3 1 1
github.com/morty/morty/internal/config/loader.go:451.2,451.34 1 1
github.com/morty/morty/internal/config/loader.go:451.34,453.3 1 1
github.com/morty/morty/internal/config/loader.go:454.2,454.36 1 1
github.com/morty/morty/internal/config/loader.go:454.36,456.3 1 1
github.com/morty/morty/internal/config/loader.go:457.2,460.38 2 1
github.com/morty/morty/internal/config/loader.go:460.38,462.3 1 1
github.com/morty/morty/internal/config/loader.go:463.2,465.37 3 1
github.com/morty/morty/internal/config/loader.go:465.37,467.3 1 1
github.com/morty/morty/internal/config/loader.go:470.2,470.29 1 1
github.com/morty/morty/internal/config/loader.go:470.29,472.3 1 1
github.com/morty/morty/internal/config/loader.go:473.2,473.30 1 1
github.com/morty/morty/internal/config/loader.go:473.30,475.3 1 1
github.com/morty/morty/internal/config/loader.go:476.2,476.30 1 1
github.com/morty/morty/internal/config/loader.go:476.30,478.3 1 1
github.com/morty/morty/internal/config/loader.go:479.2,480.33 2 1
github.com/morty/morty/internal/config/loader.go:480.33,482.3 1 1
github.com/morty/morty/internal/config/loader.go:483.2,483.36 1 1
github.com/morty/morty/internal/config/loader.go:483.36,485.3 1 1
github.com/morty/morty/internal/config/loader.go:486.2,486.38 1 1
github.com/morty/morty/internal/config/loader.go:486.38,488.3 1 1
github.com/morty/morty/internal/config/loader.go:489.2,489.34 1 1
github.com/morty/morty/internal/config/loader.go:489.34,491.3 1 1
github.com/morty/morty/internal/config/loader.go:494.2,494.26 1 1
github.com/morty/morty/internal/config/loader.go:494.26,496.3 1 1
github.com/morty/morty/internal/config/loader.go:497.2,498.34 2 1
github.com/morty/morty/internal/config/loader.go:498.34,500.3 1 1
github.com/morty/morty/internal/config/loader.go:503.2,503.32 1 1
github.com/morty/morty/internal/config/loader.go:503.32,505.3 1 1
github.com/morty/morty/internal/config/loader.go:506.2,510.24 3 1
github.com/morty/morty/internal/config/loader.go:510.24,512.3 1 1
github.com/morty/morty/internal/config/loader.go:513.2,513.34 1 1
github.com/morty/morty/internal/config/loader.go:513.34,515.3 1 1
github.com/morty/morty/internal/config/loader.go:516.2,519.27 2 1
github.com/morty/morty/internal/config/loader.go:519.27,521.3 1 1
github.com/morty/morty/internal/config/loader.go:522.2,522.32 1 1
github.com/morty/morty/internal/config/loader.go:522.32,524.3 1 1
github.com/morty/morty/internal/config/loader.go:525.2,525.28 1 1
github.com/morty/morty/internal/config/loader.go:525.28,527.3 1 1
github.com/morty/morty/internal/config/loader.go:528.2,528.29 1 1
github.com/morty/morty/internal/config/loader.go:528.29,530.3 1 1
github.com/morty/morty/internal/config/loader.go:532.2,532.16 1 1
github.com/morty/morty/internal/config/loader.go:536.68,538.21 2 1
github.com/morty/morty/internal/config/loader.go:538.21,540.3 1 0
github.com/morty/morty/internal/config/loader.go:542.2,544.29 2 1
github.com/morty/morty/internal/config/loader.go:544.29,545.33 1 1
github.com/morty/morty/internal/config/loader.go:545.33,547.4 1 0
github.com/morty/morty/internal/config/loader.go:549.3,550.23 2 1
github.com/morty/morty/internal/config/loader.go:550.23,552.4 1 1
github.com/morty/morty/internal/config/loader.go:554.3,554.12 1 1
github.com/morty/morty/internal/config/loader.go:557.2,557.27 1 1
github.com/morty/morty/internal/config/loader.go:561.72,563.21 2 1
github.com/morty/morty/internal/config/loader.go:563.21,565.3 1 0
github.com/morty/morty/internal/config/loader.go:567.2,570.36 2 1
github.com/morty/morty/internal/config/loader.go:570.36,571.33 1 1
github.com/morty/morty/internal/config/loader.go:571.33,573.4 1 0
github.com/morty/morty/internal/config/loader.go:575.3,576.23 2 1
github.com/morty/morty/internal/config/loader.go:576.23,578.4 1 1
github.com/morty/morty/internal/config/loader.go:580.3,580.12 1 1
github.com/morty/morty/internal/config/loader.go:584.2,586.22 3 1
github.com/morty/morty/internal/config/loader.go:586.22,588.3 1 1
github.com/morty/morty/internal/config/loader.go:590.2,590.21 1 1
github.com/morty/morty/internal/config/loader.go:590.21,592.3 1 0
github.com/morty/morty/internal/config/loader.go:595.2,596.44 2 1
github.com/morty/morty/internal/config/loader.go:596.44,598.3 1 1
github.com/morty/morty/internal/config/loader.go:598.8,600.3 1 0
github.com/morty/morty/internal/config/loader.go:602.2,602.12 1 1
github.com/morty/morty/internal/config/loader.go:606.69,609.36 2 1
github.com/morty/morty/internal/config/loader.go:609.36,614.52 3 1
github.com/morty/morty/internal/config/loader.go:614.52,616.4 1 0
github.com/morty/morty/internal/config/loader.go:618.3,618.22 1 1
github.com/morty/morty/internal/config/loader.go:618.22,620.4 1 1
github.com/morty/morty/internal/config/loader.go:623.2,623.24 1 1
github.com/morty/morty/internal/config/paths.go:20.24,24.2 1 1
github.com/morty/morty/internal/config/paths.go:27.48,33.2 1 1
github.com/morty/morty/internal/config/paths.go:36.40,38.2 1 1
github.com/morty/morty/internal/config/paths.go:42.37,44.21 1 1
github.com/morty/morty/internal/config/paths.go:44.21,46.3 1 1
github.com/morty/morty/internal/config/paths.go:47.2,47.38 1 0
github.com/morty/morty/internal/config/paths.go:52.36,54.2 1 1
github.com/morty/morty/internal/config/paths.go:58.41,60.2 1 1
github.com/morty/morty/internal/config/paths.go:64.37,65.81 1 1
github.com/morty/morty/internal/config/paths.go:65.81,67.3 1 1
github.com/morty/morty/internal/config/paths.go:68.2,68.38 1 1
github.com/morty/morty/internal/config/paths.go:73.40,74.83 1 1
github.com/morty/morty/internal/config/paths.go:74.83,76.3 1 1
github.com/morty/morty/internal/config/paths.go:77.2,77.40 1 1
github.com/morty/morty/internal/config/paths.go:81.40,82.24 1 1
github.com/morty/morty/internal/config/paths.go:82.24,84.3 1 1
github.com/morty/morty/internal/config/paths.go:86.2,86.48 1 1
github.com/morty/morty/internal/config/paths.go:90.44,92.2 1 1
github.com/morty/morty/internal/config/paths.go:96.46,99.16 2 1
github.com/morty/morty/internal/config/paths.go:99.16,101.3 1 0
github.com/morty/morty/internal/config/paths.go:104.2,105.32 2 1
github.com/morty/morty/internal/config/paths.go:105.32,107.3 1 1
github.com/morty/morty/internal/config/paths.go:110.2,110.51 1 1
github.com/morty/morty/internal/config/paths.go:110.51,112.3 1 0
github.com/morty/morty/internal/config/paths.go:114.2,114.12 1 1
github.com/morty/morty/internal/config/paths.go:118.39,120.2 1 1
github.com/morty/morty/internal/config/paths.go:123.38,125.2 1 1
github.com/morty/morty/internal/config/paths.go:128.43,130.2 1 1
github.com/morty/morty/internal/config/paths.go:133.39,135.2 1 1
github.com/morty/morty/internal/config/paths.go:138.39,139.42 1 1
github.com/morty/morty/internal/config/paths.go:139.42,141.3 1 0
github.com/morty/morty/internal/config/paths.go:142.2,142.41 1 1
github.com/morty/morty/internal/config/paths.go:142.41,144.3 1 0
github.com/morty/morty/internal/config/paths.go:145.2,145.46 1 1
github.com/morty/morty/internal/config/paths.go:145.46,147.3 1 0
github.com/morty/morty/internal/config/paths.go:148.2,148.42 1 1
github.com/morty/morty/internal/config/paths.go:148.42,150.3 1 0
github.com/morty/morty/internal/config/paths.go:151.2,151.12 1 1
github.com/morty/morty/internal/config/paths.go:155.46,158.2 2 1
github.com/morty/morty/internal/config/paths.go:161.41,163.16 2 1
github.com/morty/morty/internal/config/paths.go:163.16,165.3 1 1
github.com/morty/morty/internal/config/paths.go:166.2,166.21 1 1
github.com/morty/morty/internal/config/paths.go:171.49,172.16 1 1
github.com/morty/morty/internal/config/paths.go:172.16,174.3 1 1
github.com/morty/morty/internal/config/paths.go:177.2,177.34 1 1
github.com/morty/morty/internal/config/paths.go:177.34,179.17 2 1
github.com/morty/morty/internal/config/paths.go:179.17,181.4 1 1
github.com/morty/morty/internal/config/paths.go:185.2,186.16 2 1
github.com/morty/morty/internal/config/paths.go:186.16,188.3 1 0
github.com/morty/morty/internal/config/paths.go:190.2,190.16 1 1
github.com/morty/morty/internal/config/paths.go:194.53,196.2 1 1
github.com/morty/morty/internal/config/paths.go:199.45,201.2 1 1
github.com/morty/morty/internal/config/paths.go:204.50,214.48 5 1
github.com/morty/morty/internal/config/paths.go:214.48,216.3 1 1
github.com/morty/morty/internal/config/paths.go:218.2,218.19 1 0
github.com/morty/morty/internal/config/paths.go:222.40,223.84 1 1
github.com/morty/morty/internal/config/paths.go:223.84,225.3 1 1
github.com/morty/morty/internal/config/paths.go:226.2,226.41 1 1
github.com/morty/morty/internal/config/paths.go:230.42,232.2 1 1
github.com/morty/morty/internal/config/validation.go:18.42,20.2 1 1
github.com/morty/morty/internal/config/validation.go:28.43,29.24 1 1
github.com/morty/morty/internal/config/validation.go:29.24,31.3 1 1
github.com/morty/morty/internal/config/validation.go:32.2,32.24 1 1
github.com/morty/morty/internal/config/validation.go:32.24,34.3 1 1
github.com/morty/morty/internal/config/validation.go:35.2,36.31 2 1
github.com/morty/morty/internal/config/validation.go:36.31,38.3 1 1
github.com/morty/morty/internal/config/validation.go:39.2,39.94 1 1
github.com/morty/morty/internal/config/validation.go:43.45,45.2 1 1
github.com/morty/morty/internal/config/validation.go:60.44,73.2 3 1
github.com/morty/morty/internal/config/validation.go:76.55,77.16 1 1
github.com/morty/morty/internal/config/validation.go:77.16,79.3 1 1
github.com/morty/morty/internal/config/validation.go:81.2,82.41 2 1
github.com/morty/morty/internal/config/validation.go:82.41,83.40 1 1
github.com/morty/morty/internal/config/validation.go:83.40,85.4 1 1
github.com/morty/morty/internal/config/validation.go:88.2,88.22 1 1
github.com/morty/morty/internal/config/validation.go:88.22,90.3 1 1
github.com/morty/morty/internal/config/validation.go:91.2,91.12 1 1
github.com/morty/morty/internal/config/validation.go:95.62,96.23 1 1
github.com/morty/morty/internal/config/validation.go:96.23,98.3 1 1
github.com/morty/morty/internal/config/validation.go:99.2,99.26 1 1
github.com/morty/morty/internal/config/validation.go:99.26,101.3 1 1
github.com/morty/morty/internal/config/validation.go:102.2,102.12 1 1
github.com/morty/morty/internal/config/validation.go:106.60,109.25 2 1
github.com/morty/morty/internal/config/validation.go:109.25,111.3 1 1
github.com/morty/morty/internal/config/validation.go:113.2,113.24 1 1
github.com/morty/morty/internal/config/validation.go:113.24,115.3 1 1
github.com/morty/morty/internal/config/validation.go:118.2,118.32 1 1
github.com/morty/morty/internal/config/validation.go:118.32,119.69 1 1
github.com/morty/morty/internal/config/validation.go:119.69,121.4 1 1
github.com/morty/morty/internal/config/validation.go:124.2,124.28 1 1
github.com/morty/morty/internal/config/validation.go:124.28,125.65 1 1
github.com/morty/morty/internal/config/validation.go:125.65,127.4 1 1
github.com/morty/morty/internal/config/validation.go:131.2,132.67 2 1
github.com/morty/morty/internal/config/validation.go:132.67,134.3 1 1
github.com/morty/morty/internal/config/validation.go:136.2,136.12 1 1
github.com/morty/morty/internal/config/validation.go:140.64,143.28 2 1
github.com/morty/morty/internal/config/validation.go:143.28,145.3 1 1
github.com/morty/morty/internal/config/validation.go:147.2,147.27 1 1
github.com/morty/morty/internal/config/validation.go:147.27,149.3 1 1
github.com/morty/morty/internal/config/validation.go:151.2,151.12 1 1
github.com/morty/morty/internal/config/validation.go:155.62,160.73 3 1
github.com/morty/morty/internal/config/validation.go:160.73,162.3 1 1
github.com/morty/morty/internal/config/validation.go:165.2,166.59 2 1
github.com/morty/morty/internal/config/validation.go:166.59,168.3 1 1
github.com/morty/morty/internal/config/validation.go:171.2,172.59 2 1
github.com/morty/morty/internal/config/validation.go:172.59,174.3 1 1
github.com/morty/morty/internal/config/validation.go:177.2,177.26 1 1
github.com/morty/morty/internal/config/validation.go:177.26,178.30 1 1
github.com/morty/morty/internal/config/validation.go:178.30,180.4 1 1
github.com/morty/morty/internal/config/validation.go:182.3,182.33 1 1
github.com/morty/morty/internal/config/validation.go:182.33,183.67 1 1
github.com/morty/morty/internal/config/validation.go:183.67,185.5 1 1
github.com/morty/morty/internal/config/validation.go:188.3,188.34 1 1
github.com/morty/morty/internal/config/validation.go:188.34,190.4 1 1
github.com/morty/morty/internal/config/validation.go:192.3,192.30 1 1
github.com/morty/morty/internal/config/validation.go:192.30,194.4 1 1
github.com/morty/morty/internal/config/validation.go:197.2,197.12 1 1
github.com/morty/morty/internal/config/validation.go:201.60,204.22 2 1
github.com/morty/morty/internal/config/validation.go:204.22,206.3 1 1
github.com/morty/morty/internal/config/validation.go:208.2,208.30 1 1
github.com/morty/morty/internal/config/validation.go:208.30,209.67 1 1
github.com/morty/morty/internal/config/validation.go:209.67,211.4 1 1
github.com/morty/morty/internal/config/validation.go:214.2,214.12 1 1
github.com/morty/morty/internal/config/validation.go:218.58,221.28 2 1
github.com/morty/morty/internal/config/validation.go:221.28,223.3 1 1
github.com/morty/morty/internal/config/validation.go:225.2,225.12 1 1
github.com/morty/morty/internal/config/validation.go:229.59,232.20 2 1
github.com/morty/morty/internal/config/validation.go:232.20,234.3 1 1
github.com/morty/morty/internal/config/validation.go:236.2,236.30 1 1
github.com/morty/morty/internal/config/validation.go:236.30,238.3 1 1
github.com/morty/morty/internal/config/validation.go:240.2,240.12 1 1
github.com/morty/morty/internal/config/validation.go:244.62,247.23 2 1
github.com/morty/morty/internal/config/validation.go:247.23,249.3 1 1
github.com/morty/morty/internal/config/validation.go:251.2,251.28 1 1
github.com/morty/morty/internal/config/validation.go:251.28,253.3 1 1
github.com/morty/morty/internal/config/validation.go:255.2,255.24 1 1
github.com/morty/morty/internal/config/validation.go:255.24,257.3 1 1
github.com/morty/morty/internal/config/validation.go:259.2,259.25 1 1
github.com/morty/morty/internal/config/validation.go:259.25,261.3 1 1
github.com/morty/morty/internal/config/validation.go:263.2,263.12 1 1
github.com/morty/morty/internal/config/validation.go:270.41,271.13 1 1
github.com/morty/morty/internal/config/validation.go:271.13,273.3 1 1
github.com/morty/morty/internal/config/validation.go:275.2,276.20 2 1
github.com/morty/morty/internal/config/validation.go:276.20,278.3 1 1
github.com/morty/morty/internal/config/validation.go:280.2,281.29 2 1
github.com/morty/morty/internal/config/validation.go:281.29,283.3 1 1
github.com/morty/morty/internal/config/validation.go:285.2,285.12 1 1
github.com/morty/morty/internal/config/validation.go:289.32,292.2 2 1
github.com/morty/morty/internal/config/validation.go:296.70,300.13 1 1
github.com/morty/morty/internal/config/validation.go:301.17,302.46 1 1
github.com/morty/morty/internal/config/validation.go:302.46,304.4 1 1
github.com/morty/morty/internal/config/validation.go:305.24,306.46 1 1
github.com/morty/morty/internal/config/validation.go:306.46,308.4 1 1
github.com/morty/morty/internal/config/validation.go:309.77,310.45 1 1
github.com/morty/morty/internal/config/validation.go:310.45,311.51 1 1
github.com/morty/morty/internal/config/validation.go:311.51,313.5 1 1
github.com/morty/morty/internal/config/validation.go:315.23,316.45 1 1
github.com/morty/morty/internal/config/validation.go:316.45,318.40 2 1
github.com/morty/morty/internal/config/validation.go:318.40,320.5 1 1
github.com/morty/morty/internal/config/validation.go:322.114,323.40 1 1
github.com/morty/morty/internal/config/validation.go:323.40,325.4 1 1
github.com/morty/morty/internal/config/validation.go:328.2,328.12 1 1
